<?xml version="1.0" encoding="UTF-8"?>
<!-- Generated by org.testng.reporters.JUnitReportReporter -->
<testsuite hostname="DharminShah" failures="0" tests="5" name="tables.HomePageTest" time="3.271" errors="0" timestamp="10 Feb 2022 06:42:10 GMT" skipped="0">
  <testcase classname="tables.HomePageTest" name="verifyRowData" time="0.091"/>
  <testcase classname="tables.HomePageTest" name="verifyNumberOfDataRows" time="0.021"/>
  <testcase classname="tables.HomePageTest" name="verifyRowDataWithSort" time="2.940"/>
  <testcase classname="tables.HomePageTest" name="verifyHeaderNameAndOrder" time="0.200"/>
  <testcase classname="tables.HomePageTest" name="verifyHeaderOfTable1AndTable2" time="0.019"/>
</testsuite> <!-- tables.HomePageTest -->
