<?xml version="1.0" encoding="UTF-8"?>
<!-- Generated by org.testng.reporters.JUnitReportReporter -->
<testsuite hostname="DharminShah" failures="0" tests="5" name="tables.HomePageTest" time="4.031" errors="0" timestamp="10 Feb 2022 13:34:07 GMT" skipped="0">
  <testcase classname="tables.HomePageTest" name="verifyNumberOfDataRows" time="0.042"/>
  <testcase classname="tables.HomePageTest" name="verifyRowData" time="0.224"/>
  <testcase classname="tables.HomePageTest" name="verifyHeaderNameAndOrder" time="0.280"/>
  <testcase classname="tables.HomePageTest" name="verifyRowDataWithSort" time="3.448"/>
  <testcase classname="tables.HomePageTest" name="verifyHeaderOfTable1AndTable2" time="0.037"/>
</testsuite> <!-- tables.HomePageTest -->
