<?xml version="1.0" encoding="UTF-8"?>
<!-- Generated by org.testng.reporters.JUnitReportReporter -->
<testsuite hostname="DharminShah" failures="0" tests="5" name="tables.TableTest" time="3.005" errors="0" timestamp="10 Feb 2022 17:49:19 GMT" skipped="0">
  <testcase classname="tables.TableTest" name="verifyNumberOfDataRows" time="0.018"/>
  <testcase classname="tables.TableTest" name="verifyHeaderNameAndOrder" time="0.134"/>
  <testcase classname="tables.TableTest" name="verifyRowData" time="0.091"/>
  <testcase classname="tables.TableTest" name="verifyHeaderOfTable1AndTable2" time="0.018"/>
  <testcase classname="tables.TableTest" name="verifyRowDataWithSort" time="2.744"/>
</testsuite> <!-- tables.TableTest -->
